d:\edu\3 курс\2\зп кг\програми\opengl_lab_4\opengl_lab_4\x64\debug\vc143.pdb
d:\edu\3 курс\2\зп кг\програми\opengl_lab_4\opengl_lab_4\x64\debug\vc143.idb
d:\edu\3 курс\2\зп кг\програми\opengl_lab_4\opengl_lab_4\x64\debug\main.obj
d:\edu\3 курс\2\зп кг\програми\opengl_lab_4\x64\debug\opengl_lab_4.exe
d:\edu\3 курс\2\зп кг\програми\opengl_lab_4\opengl_lab_4\x64\debug\opengl_lab_4.ilk
d:\edu\3 курс\2\зп кг\програми\opengl_lab_4\x64\debug\opengl_lab_4.pdb
d:\edu\3 курс\2\зп кг\програми\opengl_lab_4\opengl_lab_4\x64\debug\stb_image.obj
d:\edu\3 курс\2\зп кг\програми\opengl_lab_4\opengl_lab_4\x64\debug\texture.obj
d:\edu\3 курс\2\зп кг\програми\opengl_lab_4\opengl_lab_4\x64\debug\opengl_lab_4.tlog\cl.command.1.tlog
d:\edu\3 курс\2\зп кг\програми\opengl_lab_4\opengl_lab_4\x64\debug\opengl_lab_4.tlog\cl.items.tlog
d:\edu\3 курс\2\зп кг\програми\opengl_lab_4\opengl_lab_4\x64\debug\opengl_lab_4.tlog\cl.read.1.tlog
d:\edu\3 курс\2\зп кг\програми\opengl_lab_4\opengl_lab_4\x64\debug\opengl_lab_4.tlog\cl.write.1.tlog
d:\edu\3 курс\2\зп кг\програми\opengl_lab_4\opengl_lab_4\x64\debug\opengl_lab_4.tlog\link-cvtres.read.1.tlog
d:\edu\3 курс\2\зп кг\програми\opengl_lab_4\opengl_lab_4\x64\debug\opengl_lab_4.tlog\link-cvtres.write.1.tlog
d:\edu\3 курс\2\зп кг\програми\opengl_lab_4\opengl_lab_4\x64\debug\opengl_lab_4.tlog\link-rc.read.1.tlog
d:\edu\3 курс\2\зп кг\програми\opengl_lab_4\opengl_lab_4\x64\debug\opengl_lab_4.tlog\link-rc.write.1.tlog
d:\edu\3 курс\2\зп кг\програми\opengl_lab_4\opengl_lab_4\x64\debug\opengl_lab_4.tlog\link.22556-cvtres.read.1.tlog
d:\edu\3 курс\2\зп кг\програми\opengl_lab_4\opengl_lab_4\x64\debug\opengl_lab_4.tlog\link.22556-cvtres.write.1.tlog
d:\edu\3 курс\2\зп кг\програми\opengl_lab_4\opengl_lab_4\x64\debug\opengl_lab_4.tlog\link.22556-rc.read.1.tlog
d:\edu\3 курс\2\зп кг\програми\opengl_lab_4\opengl_lab_4\x64\debug\opengl_lab_4.tlog\link.22556-rc.write.1.tlog
d:\edu\3 курс\2\зп кг\програми\opengl_lab_4\opengl_lab_4\x64\debug\opengl_lab_4.tlog\link.22556.read.1.tlog
d:\edu\3 курс\2\зп кг\програми\opengl_lab_4\opengl_lab_4\x64\debug\opengl_lab_4.tlog\link.22556.read.2.tlog
d:\edu\3 курс\2\зп кг\програми\opengl_lab_4\opengl_lab_4\x64\debug\opengl_lab_4.tlog\link.22556.write.1.tlog
d:\edu\3 курс\2\зп кг\програми\opengl_lab_4\opengl_lab_4\x64\debug\opengl_lab_4.tlog\link.command.1.tlog
d:\edu\3 курс\2\зп кг\програми\opengl_lab_4\opengl_lab_4\x64\debug\opengl_lab_4.tlog\link.read.1.tlog
d:\edu\3 курс\2\зп кг\програми\opengl_lab_4\opengl_lab_4\x64\debug\opengl_lab_4.tlog\link.read.2.tlog
d:\edu\3 курс\2\зп кг\програми\opengl_lab_4\opengl_lab_4\x64\debug\opengl_lab_4.tlog\link.read.3.tlog
d:\edu\3 курс\2\зп кг\програми\opengl_lab_4\opengl_lab_4\x64\debug\opengl_lab_4.tlog\link.write.1.tlog
