  main.cpp
D:\Edu\3 курс\2\ЗП КГ\програми\opengl_lab_5\opengl_lab_5\main.h(23,18): warning C4305: 'initializing': truncation from 'double' to 'float'
  (compiling source file 'main.cpp')
  
D:\Edu\3 курс\2\ЗП КГ\програми\opengl_lab_5\opengl_lab_5\main.h(24,18): warning C4305: 'initializing': truncation from 'double' to 'float'
  (compiling source file 'main.cpp')
  
D:\Edu\3 курс\2\ЗП КГ\програми\opengl_lab_5\opengl_lab_5\main.h(25,18): warning C4305: 'initializing': truncation from 'double' to 'float'
  (compiling source file 'main.cpp')
  
D:\Edu\3 курс\2\ЗП КГ\програми\opengl_lab_5\opengl_lab_5\main.cpp(11,22): warning C4305: '+=': truncation from 'double' to 'float'
D:\Edu\3 курс\2\ЗП КГ\програми\opengl_lab_5\opengl_lab_5\main.cpp(113,27): warning C4305: 'argument': truncation from 'double' to 'GLfloat'
D:\Edu\3 курс\2\ЗП КГ\програми\opengl_lab_5\opengl_lab_5\main.cpp(113,20): warning C4305: 'argument': truncation from 'double' to 'GLfloat'
D:\Edu\3 курс\2\ЗП КГ\програми\opengl_lab_5\opengl_lab_5\main.cpp(118,27): warning C4305: 'argument': truncation from 'double' to 'GLfloat'
D:\Edu\3 курс\2\ЗП КГ\програми\opengl_lab_5\opengl_lab_5\main.cpp(118,20): warning C4305: 'argument': truncation from 'double' to 'GLfloat'
D:\Edu\3 курс\2\ЗП КГ\програми\opengl_lab_5\opengl_lab_5\main.cpp(123,27): warning C4305: 'argument': truncation from 'double' to 'GLfloat'
D:\Edu\3 курс\2\ЗП КГ\програми\opengl_lab_5\opengl_lab_5\main.cpp(123,20): warning C4305: 'argument': truncation from 'double' to 'GLfloat'
D:\Edu\3 курс\2\ЗП КГ\програми\opengl_lab_5\opengl_lab_5\main.cpp(128,27): warning C4305: 'argument': truncation from 'double' to 'GLfloat'
D:\Edu\3 курс\2\ЗП КГ\програми\opengl_lab_5\opengl_lab_5\main.cpp(128,20): warning C4305: 'argument': truncation from 'double' to 'GLfloat'
D:\Edu\3 курс\2\ЗП КГ\програми\opengl_lab_5\opengl_lab_5\main.cpp(240,48): warning C4305: '=': truncation from 'double' to 'float'
D:\Edu\3 курс\2\ЗП КГ\програми\opengl_lab_5\opengl_lab_5\main.cpp(243,48): warning C4305: '=': truncation from 'double' to 'float'
D:\Edu\3 курс\2\ЗП КГ\програми\opengl_lab_5\opengl_lab_5\main.cpp(246,48): warning C4305: '=': truncation from 'double' to 'float'
  opengl_lab_5.vcxproj -> D:\Edu\3 курс\2\ЗП КГ\програми\opengl_lab_5\x64\Debug\opengl_lab_5.exe
